<!DOCTYPE html PUBLIC "-//W3C//DTD XHTML 1.1//EN" "http://www.w3.org/TR/xhtml11/DTD/xhtml11.dtd">
<html xmlns="http://www.w3.org/1999/xhtml"><head><title>TestNG Report</title><style type="text/css">table {margin-bottom:10px;border-collapse:collapse;empty-cells:show}th,td {border:1px solid #009;padding:.25em .5em}th {vertical-align:bottom}td {vertical-align:top}table a {font-weight:bold}.stripe td {background-color: #E6EBF9}.num {text-align:right}.passedodd td {background-color: #3F3}.passedeven td {background-color: #0A0}.skippedodd td {background-color: #DDD}.skippedeven td {background-color: #CCC}.failedodd td,.attn {background-color: #F33}.failedeven td,.stripe .attn {background-color: #D00}.stacktrace {white-space:pre;font-family:monospace}.totop {font-size:85%;text-align:center;border-bottom:2px solid #000}</style></head><body><table><tr><th>Test</th><th># Passed</th><th># Skipped</th><th># Failed</th><th>Time (ms)</th><th>Included Groups</th><th>Excluded Groups</th></tr><tr><th colspan="7">Suite</th></tr><tr><td><a href="#t0">IETest</a></td><td class="num">0</td><td class="num attn">1</td><td class="num">0</td><td class="num">1,812</td><td></td><td></td></tr><tr class="stripe"><td><a href="#t1">ChromeTest</a></td><td class="num">1</td><td class="num">0</td><td class="num">0</td><td class="num">18,963</td><td></td><td></td></tr><tr><th>Total</th><th class="num">1</th><th class="num attn">1</th><th class="num">0</th><th class="num">20,775</th><th colspan="2"></th></tr></table><table><thead><tr><th>Class</th><th>Method</th><th>Start</th><th>Time (ms)</th></tr></thead><tbody><tr><th colspan="4">Suite</th></tr></tbody><tbody id="t0"><tr><th colspan="4">IETest &#8212; failed (configuration methods)</th></tr><tr class="failedeven"><td rowspan="1">dataprovider.Calculator</td><td><a href="#m0">launch</a></td><td rowspan="1">1569613812144</td><td rowspan="1">0</td></tr><tr><th colspan="4">IETest &#8212; skipped (configuration methods)</th></tr><tr class="skippedeven"><td rowspan="1">dataprovider.Calculator</td><td><a href="#m1">logout</a></td><td rowspan="1">1569613813932</td><td rowspan="1">0</td></tr><tr><th colspan="4">IETest &#8212; skipped</th></tr><tr class="skippedeven"><td rowspan="1">dataprovider.Calculator</td><td><a href="#m2">calculatePercent</a></td><td rowspan="1">1569613813928</td><td rowspan="1">2</td></tr></tbody><tbody id="t1"><tr><th colspan="4">ChromeTest &#8212; passed</th></tr><tr class="passedeven"><td rowspan="1">dataprovider.Calculator</td><td><a href="#m3">calculatePercent</a></td><td rowspan="1">1569613821927</td><td rowspan="1">7016</td></tr></tbody></table><h2>IETest</h2><h3 id="m0">dataprovider.Calculator#launch</h3><table class="result"><tr class="param"><th>Parameter #1</th></tr><tr class="param stripe"><td>iexplore</td></tr><tr><th>Exception</th></tr><tr><td><div class="stacktrace">org.openqa.selenium.SessionNotCreatedException: Unable to create session from {
  &quot;desiredCapabilities&quot;: {
    &quot;browserName&quot;: &quot;iexplore&quot;,
    &quot;server:CONFIG_UUID&quot;: &quot;2716f2d2-77a2-4d2b-bb6b-2658f0c55256&quot;,
    &quot;platform&quot;: &quot;WINDOWS&quot;
  },
  &quot;capabilities&quot;: {
    &quot;firstMatch&quot;: [
      {
        &quot;browserName&quot;: &quot;iexplore&quot;,
        &quot;platformName&quot;: &quot;windows&quot;,
        &quot;server:CONFIG_UUID&quot;: &quot;2716f2d2-77a2-4d2b-bb6b-2658f0c55256&quot;
      }
    ]
  }
}
Build info: version: &apos;3.14.0&apos;, revision: &apos;aacccce0&apos;, time: &apos;2018-08-02T20:13:22.693Z&apos;
System info: host: &apos;LAPTOP-NK34O5JH&apos;, ip: &apos;192.168.0.20&apos;, os.name: &apos;Windows 10&apos;, os.arch: &apos;amd64&apos;, os.version: &apos;10.0&apos;, java.version: &apos;1.8.0_201&apos;
Driver info: driver.version: unknown
Command duration or timeout: 514 milliseconds
	at org.openqa.selenium.remote.ErrorHandler.createThrowable(ErrorHandler.java:214)
	at org.openqa.selenium.remote.ErrorHandler.throwIfResponseFailed(ErrorHandler.java:166)
	at org.openqa.selenium.remote.JsonWireProtocolResponse.lambda$new$0(JsonWireProtocolResponse.java:53)
	at org.openqa.selenium.remote.JsonWireProtocolResponse.lambda$getResponseFunction$2(JsonWireProtocolResponse.java:91)
	at org.openqa.selenium.remote.ProtocolHandshake.lambda$createSession$0(ProtocolHandshake.java:122)
	at java.util.stream.ReferencePipeline$3$1.accept(ReferencePipeline.java:193)
	at java.util.Spliterators$ArraySpliterator.tryAdvance(Spliterators.java:958)
	at java.util.stream.ReferencePipeline.forEachWithCancel(ReferencePipeline.java:126)
	at java.util.stream.AbstractPipeline.copyIntoWithCancel(AbstractPipeline.java:498)
	at java.util.stream.AbstractPipeline.copyInto(AbstractPipeline.java:485)
	at java.util.stream.AbstractPipeline.wrapAndCopyInto(AbstractPipeline.java:471)
	at java.util.stream.FindOps$FindOp.evaluateSequential(FindOps.java:152)
	at java.util.stream.AbstractPipeline.evaluate(AbstractPipeline.java:234)
	at java.util.stream.ReferencePipeline.findFirst(ReferencePipeline.java:464)
	at org.openqa.selenium.remote.ProtocolHandshake.createSession(ProtocolHandshake.java:125)
	at org.openqa.selenium.remote.ProtocolHandshake.createSession(ProtocolHandshake.java:73)
	at org.openqa.selenium.remote.HttpCommandExecutor.execute(HttpCommandExecutor.java:136)
	at org.openqa.selenium.remote.RemoteWebDriver.execute(RemoteWebDriver.java:548)
	at org.openqa.selenium.remote.RemoteWebDriver.startSession(RemoteWebDriver.java:212)
	at org.openqa.selenium.remote.RemoteWebDriver.&lt;init&gt;(RemoteWebDriver.java:130)
	at org.openqa.selenium.remote.RemoteWebDriver.&lt;init&gt;(RemoteWebDriver.java:143)
	at dataprovider.Calculator.launch(Calculator.java:29)
	at java.util.concurrent.FutureTask.run(FutureTask.java:266)
	at java.util.concurrent.ThreadPoolExecutor.runWorker(ThreadPoolExecutor.java:1149)
	at java.util.concurrent.ThreadPoolExecutor$Worker.run(ThreadPoolExecutor.java:624)
	at java.lang.Thread.run(Thread.java:748)
Caused by: org.openqa.selenium.SessionNotCreatedException: Unable to create session from {
  &quot;desiredCapabilities&quot;: {
    &quot;browserName&quot;: &quot;iexplore&quot;,
    &quot;server:CONFIG_UUID&quot;: &quot;2716f2d2-77a2-4d2b-bb6b-2658f0c55256&quot;,
    &quot;platform&quot;: &quot;WINDOWS&quot;
  },
  &quot;capabilities&quot;: {
    &quot;firstMatch&quot;: [
      {
        &quot;browserName&quot;: &quot;iexplore&quot;,
        &quot;platformName&quot;: &quot;windows&quot;,
        &quot;server:CONFIG_UUID&quot;: &quot;2716f2d2-77a2-4d2b-bb6b-2658f0c55256&quot;
      }
    ]
  }
}
Build info: version: &apos;3.14.0&apos;, revision: &apos;aacccce0&apos;, time: &apos;2018-08-02T20:13:22.693Z&apos;
System info: host: &apos;LAPTOP-NK34O5JH&apos;, ip: &apos;192.168.0.20&apos;, os.name: &apos;Windows 10&apos;, os.arch: &apos;amd64&apos;, os.version: &apos;10.0&apos;, java.version: &apos;1.8.0_201&apos;
Driver info: driver.version: unknown
Build info: version: &apos;3.14.0&apos;, revision: &apos;aacccce0&apos;, time: &apos;2018-08-02T20:19:58.91Z&apos;
System info: host: &apos;HOMEPC&apos;, ip: &apos;192.168.0.17&apos;, os.name: &apos;Windows 8.1&apos;, os.arch: &apos;amd64&apos;, os.version: &apos;6.3&apos;, java.version: &apos;1.8.0_211&apos;
Driver info: driver.version: unknown
	at org.openqa.selenium.remote.server.NewSessionPipeline.lambda$null$4(NewSessionPipeline.java:75)
	at java.util.Optional.orElseThrow(Unknown Source)
	at org.openqa.selenium.remote.server.NewSessionPipeline.lambda$createNewSession$5(NewSessionPipeline.java:74)
	at java.util.Optional.orElseGet(Unknown Source)
	at org.openqa.selenium.remote.server.NewSessionPipeline.createNewSession(NewSessionPipeline.java:72)
	at org.openqa.selenium.remote.server.commandhandler.BeginSession.execute(BeginSession.java:65)
	at org.openqa.selenium.remote.server.WebDriverServlet.lambda$handle$3(WebDriverServlet.java:250)
	at java.util.concurrent.Executors$RunnableAdapter.call(Unknown Source)
	at java.util.concurrent.FutureTask.run(Unknown Source)
	at java.util.concurrent.ThreadPoolExecutor.runWorker(Unknown Source)
	at java.util.concurrent.ThreadPoolExecutor$Worker.run(Unknown Source)
	at java.lang.Thread.run(Unknown Source)
... Removed 22 stack frames</div></td></tr></table><p class="totop"><a href="#summary">back to summary</a></p><h3 id="m1">dataprovider.Calculator#logout</h3><table class="result"></table><p class="totop"><a href="#summary">back to summary</a></p><h3 id="m2">dataprovider.Calculator#calculatePercent</h3><table class="result"></table><p class="totop"><a href="#summary">back to summary</a></p><h2>ChromeTest</h2><h3 id="m3">dataprovider.Calculator#calculatePercent</h3><table class="result"></table><p class="totop"><a href="#summary">back to summary</a></p></body></html>